2021-06-24 19:34:39.713 [main] [] INFO  io.infinityclub.springboot.docker.Application - Starting Application on RickydeMacBook-Pro.local with PID 82745 (/Users/apple/Ricky/Code_repo/Github/docker-learning/spring-boot-docker-compose/target/classes started by apple in /Users/apple/Ricky/Code_repo/Github/docker-learning/spring-boot-docker-compose)
2021-06-24 19:34:39.716 [main] [] INFO  io.infinityclub.springboot.docker.Application - No active profile set, falling back to default profiles: default
2021-06-24 19:34:40.425 [main] [] INFO  org.springframework.boot.web.embedded.tomcat.TomcatWebServer - Tomcat initialized with port(s): 8080 (http)
2021-06-24 19:34:40.432 [main] [] INFO  org.apache.coyote.http11.Http11NioProtocol - Initializing ProtocolHandler ["http-nio-8080"]
2021-06-24 19:34:40.433 [main] [] INFO  org.apache.catalina.core.StandardService - Starting service [Tomcat]
2021-06-24 19:34:40.433 [main] [] INFO  org.apache.catalina.core.StandardEngine - Starting Servlet engine: [Apache Tomcat/9.0.37]
2021-06-24 19:34:40.494 [main] [] INFO  org.apache.catalina.core.ContainerBase.[Tomcat].[localhost].[/] - Initializing Spring embedded WebApplicationContext
2021-06-24 19:34:40.494 [main] [] INFO  org.springframework.boot.web.servlet.context.ServletWebServerApplicationContext - Root WebApplicationContext: initialization completed in 716 ms
2021-06-24 19:34:40.629 [main] [] INFO  org.springframework.scheduling.concurrent.ThreadPoolTaskExecutor - Initializing ExecutorService 'applicationTaskExecutor'
2021-06-24 19:34:40.744 [main] [] INFO  org.apache.coyote.http11.Http11NioProtocol - Starting ProtocolHandler ["http-nio-8080"]
2021-06-24 19:34:40.774 [main] [] INFO  org.springframework.boot.web.embedded.tomcat.TomcatWebServer - Tomcat started on port(s): 8080 (http) with context path ''
2021-06-24 19:34:40.784 [main] [] INFO  io.infinityclub.springboot.docker.Application - Started Application in 1.507 seconds (JVM running for 1.977)
2021-06-24 19:34:54.535 [http-nio-8080-exec-1] [] INFO  org.apache.catalina.core.ContainerBase.[Tomcat].[localhost].[/] - Initializing Spring DispatcherServlet 'dispatcherServlet'
2021-06-24 19:34:54.536 [http-nio-8080-exec-1] [] INFO  org.springframework.web.servlet.DispatcherServlet - Initializing Servlet 'dispatcherServlet'
2021-06-24 19:34:54.543 [http-nio-8080-exec-1] [] INFO  org.springframework.web.servlet.DispatcherServlet - Completed initialization in 7 ms
2021-06-24 19:35:04.430 [SpringContextShutdownHook] [] INFO  org.springframework.scheduling.concurrent.ThreadPoolTaskExecutor - Shutting down ExecutorService 'applicationTaskExecutor'
2021-06-24 19:36:25.199 [main] [] INFO  io.infinityclub.springboot.docker.Application - Starting Application on RickydeMacBook-Pro.local with PID 82797 (/Users/apple/Ricky/Code_repo/Github/docker-learning/spring-boot-docker-compose/target/classes started by apple in /Users/apple/Ricky/Code_repo/Github/docker-learning/spring-boot-docker-compose)
2021-06-24 19:36:25.202 [main] [] INFO  io.infinityclub.springboot.docker.Application - No active profile set, falling back to default profiles: default
2021-06-24 19:36:25.892 [main] [] INFO  org.springframework.boot.web.embedded.tomcat.TomcatWebServer - Tomcat initialized with port(s): 8080 (http)
2021-06-24 19:36:25.899 [main] [] INFO  org.apache.coyote.http11.Http11NioProtocol - Initializing ProtocolHandler ["http-nio-8080"]
2021-06-24 19:36:25.899 [main] [] INFO  org.apache.catalina.core.StandardService - Starting service [Tomcat]
2021-06-24 19:36:25.899 [main] [] INFO  org.apache.catalina.core.StandardEngine - Starting Servlet engine: [Apache Tomcat/9.0.37]
2021-06-24 19:36:25.954 [main] [] INFO  org.apache.catalina.core.ContainerBase.[Tomcat].[localhost].[/] - Initializing Spring embedded WebApplicationContext
2021-06-24 19:36:25.954 [main] [] INFO  org.springframework.boot.web.servlet.context.ServletWebServerApplicationContext - Root WebApplicationContext: initialization completed in 702 ms
2021-06-24 19:36:26.078 [main] [] INFO  org.springframework.scheduling.concurrent.ThreadPoolTaskExecutor - Initializing ExecutorService 'applicationTaskExecutor'
2021-06-24 19:36:26.180 [main] [] INFO  org.apache.coyote.http11.Http11NioProtocol - Starting ProtocolHandler ["http-nio-8080"]
2021-06-24 19:36:26.213 [main] [] INFO  org.springframework.boot.web.embedded.tomcat.TomcatWebServer - Tomcat started on port(s): 8080 (http) with context path ''
2021-06-24 19:36:26.224 [main] [] INFO  io.infinityclub.springboot.docker.Application - Started Application in 1.405 seconds (JVM running for 2.013)
2021-06-24 19:36:30.845 [http-nio-8080-exec-1] [] INFO  org.apache.catalina.core.ContainerBase.[Tomcat].[localhost].[/] - Initializing Spring DispatcherServlet 'dispatcherServlet'
2021-06-24 19:36:30.846 [http-nio-8080-exec-1] [] INFO  org.springframework.web.servlet.DispatcherServlet - Initializing Servlet 'dispatcherServlet'
2021-06-24 19:36:30.851 [http-nio-8080-exec-1] [] INFO  org.springframework.web.servlet.DispatcherServlet - Completed initialization in 5 ms
2021-06-24 19:36:37.075 [SpringContextShutdownHook] [] INFO  org.springframework.scheduling.concurrent.ThreadPoolTaskExecutor - Shutting down ExecutorService 'applicationTaskExecutor'
2021-06-24 19:39:06.576 [main] [] INFO  io.infinityclub.springboot.docker.Application - Starting Application on RickydeMacBook-Pro.local with PID 82849 (/Users/apple/Ricky/Code_repo/Github/docker-learning/spring-boot-docker-compose/target/classes started by apple in /Users/apple/Ricky/Code_repo/Github/docker-learning/spring-boot-docker-compose)
2021-06-24 19:39:06.578 [main] [] INFO  io.infinityclub.springboot.docker.Application - No active profile set, falling back to default profiles: default
2021-06-24 19:39:07.317 [main] [] INFO  org.springframework.boot.web.embedded.tomcat.TomcatWebServer - Tomcat initialized with port(s): 8080 (http)
2021-06-24 19:39:07.327 [main] [] INFO  org.apache.coyote.http11.Http11NioProtocol - Initializing ProtocolHandler ["http-nio-8080"]
2021-06-24 19:39:07.327 [main] [] INFO  org.apache.catalina.core.StandardService - Starting service [Tomcat]
2021-06-24 19:39:07.328 [main] [] INFO  org.apache.catalina.core.StandardEngine - Starting Servlet engine: [Apache Tomcat/9.0.37]
2021-06-24 19:39:07.398 [main] [] INFO  org.apache.catalina.core.ContainerBase.[Tomcat].[localhost].[/] - Initializing Spring embedded WebApplicationContext
2021-06-24 19:39:07.398 [main] [] INFO  org.springframework.boot.web.servlet.context.ServletWebServerApplicationContext - Root WebApplicationContext: initialization completed in 783 ms
2021-06-24 19:39:07.547 [main] [] INFO  org.springframework.scheduling.concurrent.ThreadPoolTaskExecutor - Initializing ExecutorService 'applicationTaskExecutor'
2021-06-24 19:39:07.674 [main] [] INFO  org.apache.coyote.http11.Http11NioProtocol - Starting ProtocolHandler ["http-nio-8080"]
2021-06-24 19:39:07.706 [main] [] INFO  org.springframework.boot.web.embedded.tomcat.TomcatWebServer - Tomcat started on port(s): 8080 (http) with context path ''
2021-06-24 19:39:07.715 [main] [] INFO  io.infinityclub.springboot.docker.Application - Started Application in 1.58 seconds (JVM running for 2.232)
2021-06-24 19:39:12.490 [http-nio-8080-exec-1] [] INFO  org.apache.catalina.core.ContainerBase.[Tomcat].[localhost].[/] - Initializing Spring DispatcherServlet 'dispatcherServlet'
2021-06-24 19:39:12.490 [http-nio-8080-exec-1] [] INFO  org.springframework.web.servlet.DispatcherServlet - Initializing Servlet 'dispatcherServlet'
2021-06-24 19:39:12.494 [http-nio-8080-exec-1] [] INFO  org.springframework.web.servlet.DispatcherServlet - Completed initialization in 4 ms
2021-06-24 19:39:52.438 [SpringContextShutdownHook] [] INFO  org.springframework.scheduling.concurrent.ThreadPoolTaskExecutor - Shutting down ExecutorService 'applicationTaskExecutor'
